<?xml version="1.0" encoding="UTF-8"?>
<testsuite xmlns:xsi="http://www.w3.org/2001/XMLSchema-instance" xsi:noNamespaceSchemaLocation="https://maven.apache.org/surefire/maven-surefire-plugin/xsd/surefire-test-report.xsd" name="movie.AppTest" time="0.024" tests="1" errors="0" skipped="0" failures="0">
  <properties>
    <property name="gopherProxySet" value="false"/>
    <property name="awt.toolkit" value="sun.lwawt.macosx.LWCToolkit"/>
    <property name="file.encoding.pkg" value="sun.io"/>
    <property name="java.specification.version" value="1.8"/>
    <property name="sun.cpu.isalist" value=""/>
    <property name="sun.jnu.encoding" value="UTF-8"/>
    <property name="java.class.path" value="/Users/Junda/Desktop/L3/processing/target/test-classes:/Users/Junda/Desktop/L3/processing/target/classes:/Users/Junda/.m2/repository/junit/junit/4.11/junit-4.11.jar:/Users/Junda/.m2/repository/org/hamcrest/hamcrest-core/1.3/hamcrest-core-1.3.jar:/Users/Junda/.m2/repository/org/apache/flink/flink-core/1.12.2/flink-core-1.12.2.jar:/Users/Junda/.m2/repository/org/apache/flink/flink-annotations/1.12.2/flink-annotations-1.12.2.jar:/Users/Junda/.m2/repository/org/apache/flink/flink-metrics-core/1.12.2/flink-metrics-core-1.12.2.jar:/Users/Junda/.m2/repository/org/apache/flink/flink-shaded-asm-7/7.1-12.0/flink-shaded-asm-7-7.1-12.0.jar:/Users/Junda/.m2/repository/org/apache/commons/commons-lang3/3.3.2/commons-lang3-3.3.2.jar:/Users/Junda/.m2/repository/com/esotericsoftware/kryo/kryo/2.24.0/kryo-2.24.0.jar:/Users/Junda/.m2/repository/com/esotericsoftware/minlog/minlog/1.2/minlog-1.2.jar:/Users/Junda/.m2/repository/org/objenesis/objenesis/2.1/objenesis-2.1.jar:/Users/Junda/.m2/repository/commons-collections/commons-collections/3.2.2/commons-collections-3.2.2.jar:/Users/Junda/.m2/repository/org/apache/commons/commons-compress/1.20/commons-compress-1.20.jar:/Users/Junda/.m2/repository/org/apache/flink/flink-shaded-guava/18.0-12.0/flink-shaded-guava-18.0-12.0.jar:/Users/Junda/.m2/repository/com/google/code/findbugs/jsr305/1.3.9/jsr305-1.3.9.jar:/Users/Junda/.m2/repository/org/apache/flink/force-shading/1.12.2/force-shading-1.12.2.jar:/Users/Junda/.m2/repository/org/apache/flink/flink-clients_2.12/1.12.2/flink-clients_2.12-1.12.2.jar:/Users/Junda/.m2/repository/org/apache/flink/flink-runtime_2.12/1.12.2/flink-runtime_2.12-1.12.2.jar:/Users/Junda/.m2/repository/org/apache/flink/flink-queryable-state-client-java/1.12.2/flink-queryable-state-client-java-1.12.2.jar:/Users/Junda/.m2/repository/org/apache/flink/flink-hadoop-fs/1.12.2/flink-hadoop-fs-1.12.2.jar:/Users/Junda/.m2/repository/commons-io/commons-io/2.7/commons-io-2.7.jar:/Users/Junda/.m2/repository/org/apache/flink/flink-shaded-netty/4.1.49.Final-12.0/flink-shaded-netty-4.1.49.Final-12.0.jar:/Users/Junda/.m2/repository/org/apache/flink/flink-shaded-jackson/2.10.1-12.0/flink-shaded-jackson-2.10.1-12.0.jar:/Users/Junda/.m2/repository/org/apache/flink/flink-shaded-zookeeper-3/3.4.14-12.0/flink-shaded-zookeeper-3-3.4.14-12.0.jar:/Users/Junda/.m2/repository/org/javassist/javassist/3.24.0-GA/javassist-3.24.0-GA.jar:/Users/Junda/.m2/repository/org/scala-lang/scala-library/2.12.7/scala-library-2.12.7.jar:/Users/Junda/.m2/repository/com/typesafe/akka/akka-actor_2.12/2.5.21/akka-actor_2.12-2.5.21.jar:/Users/Junda/.m2/repository/com/typesafe/config/1.3.3/config-1.3.3.jar:/Users/Junda/.m2/repository/org/scala-lang/modules/scala-java8-compat_2.12/0.8.0/scala-java8-compat_2.12-0.8.0.jar:/Users/Junda/.m2/repository/com/typesafe/akka/akka-stream_2.12/2.5.21/akka-stream_2.12-2.5.21.jar:/Users/Junda/.m2/repository/org/reactivestreams/reactive-streams/1.0.2/reactive-streams-1.0.2.jar:/Users/Junda/.m2/repository/com/typesafe/ssl-config-core_2.12/0.3.7/ssl-config-core_2.12-0.3.7.jar:/Users/Junda/.m2/repository/org/scala-lang/modules/scala-parser-combinators_2.12/1.1.1/scala-parser-combinators_2.12-1.1.1.jar:/Users/Junda/.m2/repository/com/typesafe/akka/akka-protobuf_2.12/2.5.21/akka-protobuf_2.12-2.5.21.jar:/Users/Junda/.m2/repository/com/typesafe/akka/akka-slf4j_2.12/2.5.21/akka-slf4j_2.12-2.5.21.jar:/Users/Junda/.m2/repository/org/clapper/grizzled-slf4j_2.12/1.3.2/grizzled-slf4j_2.12-1.3.2.jar:/Users/Junda/.m2/repository/com/github/scopt/scopt_2.12/3.5.0/scopt_2.12-3.5.0.jar:/Users/Junda/.m2/repository/org/xerial/snappy/snappy-java/1.1.4/snappy-java-1.1.4.jar:/Users/Junda/.m2/repository/com/twitter/chill_2.12/0.7.6/chill_2.12-0.7.6.jar:/Users/Junda/.m2/repository/com/twitter/chill-java/0.7.6/chill-java-0.7.6.jar:/Users/Junda/.m2/repository/org/lz4/lz4-java/1.6.0/lz4-java-1.6.0.jar:/Users/Junda/.m2/repository/org/apache/flink/flink-optimizer_2.12/1.12.2/flink-optimizer_2.12-1.12.2.jar:/Users/Junda/.m2/repository/org/apache/flink/flink-java/1.12.2/flink-java-1.12.2.jar:/Users/Junda/.m2/repository/commons-cli/commons-cli/1.3.1/commons-cli-1.3.1.jar:/Users/Junda/.m2/repository/org/slf4j/slf4j-api/2.0.0-alpha1/slf4j-api-2.0.0-alpha1.jar:/Users/Junda/.m2/repository/org/slf4j/slf4j-simple/2.0.0-alpha1/slf4j-simple-2.0.0-alpha1.jar:/Users/Junda/.m2/repository/org/apache/flink/flink-table-common/1.12.2/flink-table-common-1.12.2.jar:/Users/Junda/.m2/repository/org/apache/flink/flink-connector-files/1.12.2/flink-connector-files-1.12.2.jar:/Users/Junda/.m2/repository/org/apache/flink/flink-connector-base/1.12.2/flink-connector-base-1.12.2.jar:/Users/Junda/.m2/repository/org/apache/flink/flink-connector-kafka_2.11/1.12.0/flink-connector-kafka_2.11-1.12.0.jar:/Users/Junda/.m2/repository/org/apache/kafka/kafka-clients/2.4.1/kafka-clients-2.4.1.jar:/Users/Junda/.m2/repository/com/github/luben/zstd-jni/1.4.3-1/zstd-jni-1.4.3-1.jar:/Users/Junda/.m2/repository/org/apache/flink/flink-streaming-java_2.12/1.12.2/flink-streaming-java_2.12-1.12.2.jar:/Users/Junda/.m2/repository/org/apache/flink/flink-file-sink-common/1.12.2/flink-file-sink-common-1.12.2.jar:/Users/Junda/.m2/repository/org/apache/commons/commons-math3/3.5/commons-math3-3.5.jar:"/>
    <property name="java.vm.vendor" value="Oracle Corporation"/>
    <property name="sun.arch.data.model" value="64"/>
    <property name="java.vendor.url" value="http://java.oracle.com/"/>
    <property name="user.timezone" value="America/New_York"/>
    <property name="user.country.format" value="CN"/>
    <property name="java.vm.specification.version" value="1.8"/>
    <property name="os.name" value="Mac OS X"/>
    <property name="user.country" value="US"/>
    <property name="sun.java.launcher" value="SUN_STANDARD"/>
    <property name="sun.boot.library.path" value="/Library/Java/JavaVirtualMachines/jdk1.8.0_40.jdk/Contents/Home/jre/lib"/>
    <property name="sun.java.command" value="/Users/Junda/Desktop/L3/processing/target/surefire/surefirebooter7533667671826559731.jar /Users/Junda/Desktop/L3/processing/target/surefire 2021-03-25T16-38-12_338-jvmRun1 surefire4934262879528077015tmp surefire_01829800919731788659tmp"/>
    <property name="http.nonProxyHosts" value="local|*.local|169.254/16|*.169.254/16"/>
    <property name="surefire.test.class.path" value="/Users/Junda/Desktop/L3/processing/target/test-classes:/Users/Junda/Desktop/L3/processing/target/classes:/Users/Junda/.m2/repository/junit/junit/4.11/junit-4.11.jar:/Users/Junda/.m2/repository/org/hamcrest/hamcrest-core/1.3/hamcrest-core-1.3.jar:/Users/Junda/.m2/repository/org/apache/flink/flink-core/1.12.2/flink-core-1.12.2.jar:/Users/Junda/.m2/repository/org/apache/flink/flink-annotations/1.12.2/flink-annotations-1.12.2.jar:/Users/Junda/.m2/repository/org/apache/flink/flink-metrics-core/1.12.2/flink-metrics-core-1.12.2.jar:/Users/Junda/.m2/repository/org/apache/flink/flink-shaded-asm-7/7.1-12.0/flink-shaded-asm-7-7.1-12.0.jar:/Users/Junda/.m2/repository/org/apache/commons/commons-lang3/3.3.2/commons-lang3-3.3.2.jar:/Users/Junda/.m2/repository/com/esotericsoftware/kryo/kryo/2.24.0/kryo-2.24.0.jar:/Users/Junda/.m2/repository/com/esotericsoftware/minlog/minlog/1.2/minlog-1.2.jar:/Users/Junda/.m2/repository/org/objenesis/objenesis/2.1/objenesis-2.1.jar:/Users/Junda/.m2/repository/commons-collections/commons-collections/3.2.2/commons-collections-3.2.2.jar:/Users/Junda/.m2/repository/org/apache/commons/commons-compress/1.20/commons-compress-1.20.jar:/Users/Junda/.m2/repository/org/apache/flink/flink-shaded-guava/18.0-12.0/flink-shaded-guava-18.0-12.0.jar:/Users/Junda/.m2/repository/com/google/code/findbugs/jsr305/1.3.9/jsr305-1.3.9.jar:/Users/Junda/.m2/repository/org/apache/flink/force-shading/1.12.2/force-shading-1.12.2.jar:/Users/Junda/.m2/repository/org/apache/flink/flink-clients_2.12/1.12.2/flink-clients_2.12-1.12.2.jar:/Users/Junda/.m2/repository/org/apache/flink/flink-runtime_2.12/1.12.2/flink-runtime_2.12-1.12.2.jar:/Users/Junda/.m2/repository/org/apache/flink/flink-queryable-state-client-java/1.12.2/flink-queryable-state-client-java-1.12.2.jar:/Users/Junda/.m2/repository/org/apache/flink/flink-hadoop-fs/1.12.2/flink-hadoop-fs-1.12.2.jar:/Users/Junda/.m2/repository/commons-io/commons-io/2.7/commons-io-2.7.jar:/Users/Junda/.m2/repository/org/apache/flink/flink-shaded-netty/4.1.49.Final-12.0/flink-shaded-netty-4.1.49.Final-12.0.jar:/Users/Junda/.m2/repository/org/apache/flink/flink-shaded-jackson/2.10.1-12.0/flink-shaded-jackson-2.10.1-12.0.jar:/Users/Junda/.m2/repository/org/apache/flink/flink-shaded-zookeeper-3/3.4.14-12.0/flink-shaded-zookeeper-3-3.4.14-12.0.jar:/Users/Junda/.m2/repository/org/javassist/javassist/3.24.0-GA/javassist-3.24.0-GA.jar:/Users/Junda/.m2/repository/org/scala-lang/scala-library/2.12.7/scala-library-2.12.7.jar:/Users/Junda/.m2/repository/com/typesafe/akka/akka-actor_2.12/2.5.21/akka-actor_2.12-2.5.21.jar:/Users/Junda/.m2/repository/com/typesafe/config/1.3.3/config-1.3.3.jar:/Users/Junda/.m2/repository/org/scala-lang/modules/scala-java8-compat_2.12/0.8.0/scala-java8-compat_2.12-0.8.0.jar:/Users/Junda/.m2/repository/com/typesafe/akka/akka-stream_2.12/2.5.21/akka-stream_2.12-2.5.21.jar:/Users/Junda/.m2/repository/org/reactivestreams/reactive-streams/1.0.2/reactive-streams-1.0.2.jar:/Users/Junda/.m2/repository/com/typesafe/ssl-config-core_2.12/0.3.7/ssl-config-core_2.12-0.3.7.jar:/Users/Junda/.m2/repository/org/scala-lang/modules/scala-parser-combinators_2.12/1.1.1/scala-parser-combinators_2.12-1.1.1.jar:/Users/Junda/.m2/repository/com/typesafe/akka/akka-protobuf_2.12/2.5.21/akka-protobuf_2.12-2.5.21.jar:/Users/Junda/.m2/repository/com/typesafe/akka/akka-slf4j_2.12/2.5.21/akka-slf4j_2.12-2.5.21.jar:/Users/Junda/.m2/repository/org/clapper/grizzled-slf4j_2.12/1.3.2/grizzled-slf4j_2.12-1.3.2.jar:/Users/Junda/.m2/repository/com/github/scopt/scopt_2.12/3.5.0/scopt_2.12-3.5.0.jar:/Users/Junda/.m2/repository/org/xerial/snappy/snappy-java/1.1.4/snappy-java-1.1.4.jar:/Users/Junda/.m2/repository/com/twitter/chill_2.12/0.7.6/chill_2.12-0.7.6.jar:/Users/Junda/.m2/repository/com/twitter/chill-java/0.7.6/chill-java-0.7.6.jar:/Users/Junda/.m2/repository/org/lz4/lz4-java/1.6.0/lz4-java-1.6.0.jar:/Users/Junda/.m2/repository/org/apache/flink/flink-optimizer_2.12/1.12.2/flink-optimizer_2.12-1.12.2.jar:/Users/Junda/.m2/repository/org/apache/flink/flink-java/1.12.2/flink-java-1.12.2.jar:/Users/Junda/.m2/repository/commons-cli/commons-cli/1.3.1/commons-cli-1.3.1.jar:/Users/Junda/.m2/repository/org/slf4j/slf4j-api/2.0.0-alpha1/slf4j-api-2.0.0-alpha1.jar:/Users/Junda/.m2/repository/org/slf4j/slf4j-simple/2.0.0-alpha1/slf4j-simple-2.0.0-alpha1.jar:/Users/Junda/.m2/repository/org/apache/flink/flink-table-common/1.12.2/flink-table-common-1.12.2.jar:/Users/Junda/.m2/repository/org/apache/flink/flink-connector-files/1.12.2/flink-connector-files-1.12.2.jar:/Users/Junda/.m2/repository/org/apache/flink/flink-connector-base/1.12.2/flink-connector-base-1.12.2.jar:/Users/Junda/.m2/repository/org/apache/flink/flink-connector-kafka_2.11/1.12.0/flink-connector-kafka_2.11-1.12.0.jar:/Users/Junda/.m2/repository/org/apache/kafka/kafka-clients/2.4.1/kafka-clients-2.4.1.jar:/Users/Junda/.m2/repository/com/github/luben/zstd-jni/1.4.3-1/zstd-jni-1.4.3-1.jar:/Users/Junda/.m2/repository/org/apache/flink/flink-streaming-java_2.12/1.12.2/flink-streaming-java_2.12-1.12.2.jar:/Users/Junda/.m2/repository/org/apache/flink/flink-file-sink-common/1.12.2/flink-file-sink-common-1.12.2.jar:/Users/Junda/.m2/repository/org/apache/commons/commons-math3/3.5/commons-math3-3.5.jar:"/>
    <property name="sun.cpu.endian" value="little"/>
    <property name="user.home" value="/Users/Junda"/>
    <property name="user.language" value="en"/>
    <property name="java.specification.vendor" value="Oracle Corporation"/>
    <property name="java.home" value="/Library/Java/JavaVirtualMachines/jdk1.8.0_40.jdk/Contents/Home/jre"/>
    <property name="basedir" value="/Users/Junda/Desktop/L3/processing"/>
    <property name="file.separator" value="/"/>
    <property name="line.separator" value="&#10;"/>
    <property name="java.vm.specification.vendor" value="Oracle Corporation"/>
    <property name="java.specification.name" value="Java Platform API Specification"/>
    <property name="java.awt.graphicsenv" value="sun.awt.CGraphicsEnvironment"/>
    <property name="surefire.real.class.path" value="/Users/Junda/Desktop/L3/processing/target/surefire/surefirebooter7533667671826559731.jar"/>
    <property name="sun.boot.class.path" value="/Library/Java/JavaVirtualMachines/jdk1.8.0_40.jdk/Contents/Home/jre/lib/resources.jar:/Library/Java/JavaVirtualMachines/jdk1.8.0_40.jdk/Contents/Home/jre/lib/rt.jar:/Library/Java/JavaVirtualMachines/jdk1.8.0_40.jdk/Contents/Home/jre/lib/sunrsasign.jar:/Library/Java/JavaVirtualMachines/jdk1.8.0_40.jdk/Contents/Home/jre/lib/jsse.jar:/Library/Java/JavaVirtualMachines/jdk1.8.0_40.jdk/Contents/Home/jre/lib/jce.jar:/Library/Java/JavaVirtualMachines/jdk1.8.0_40.jdk/Contents/Home/jre/lib/charsets.jar:/Library/Java/JavaVirtualMachines/jdk1.8.0_40.jdk/Contents/Home/jre/lib/jfr.jar:/Library/Java/JavaVirtualMachines/jdk1.8.0_40.jdk/Contents/Home/jre/classes"/>
    <property name="sun.management.compiler" value="HotSpot 64-Bit Tiered Compilers"/>
    <property name="ftp.nonProxyHosts" value="local|*.local|169.254/16|*.169.254/16"/>
    <property name="java.runtime.version" value="1.8.0_40-b27"/>
    <property name="user.name" value="Junda"/>
    <property name="path.separator" value=":"/>
    <property name="os.version" value="10.16"/>
    <property name="java.endorsed.dirs" value="/Library/Java/JavaVirtualMachines/jdk1.8.0_40.jdk/Contents/Home/jre/lib/endorsed"/>
    <property name="java.runtime.name" value="Java(TM) SE Runtime Environment"/>
    <property name="file.encoding" value="UTF-8"/>
    <property name="java.vm.name" value="Java HotSpot(TM) 64-Bit Server VM"/>
    <property name="localRepository" value="/Users/Junda/.m2/repository"/>
    <property name="java.vendor.url.bug" value="http://bugreport.sun.com/bugreport/"/>
    <property name="java.io.tmpdir" value="/var/folders/94/hcl6s9yj5qv4l264c3nwm1640000gn/T/"/>
    <property name="java.version" value="1.8.0_40"/>
    <property name="user.dir" value="/Users/Junda/Desktop/L3/processing"/>
    <property name="os.arch" value="x86_64"/>
    <property name="java.vm.specification.name" value="Java Virtual Machine Specification"/>
    <property name="java.awt.printerjob" value="sun.lwawt.macosx.CPrinterJob"/>
    <property name="sun.os.patch.level" value="unknown"/>
    <property name="java.library.path" value="/Users/Junda/Library/Java/Extensions:/Library/Java/Extensions:/Network/Library/Java/Extensions:/System/Library/Java/Extensions:/usr/lib/java:."/>
    <property name="java.vm.info" value="mixed mode"/>
    <property name="java.vendor" value="Oracle Corporation"/>
    <property name="java.vm.version" value="25.40-b25"/>
    <property name="java.ext.dirs" value="/Users/Junda/Library/Java/Extensions:/Library/Java/JavaVirtualMachines/jdk1.8.0_40.jdk/Contents/Home/jre/lib/ext:/Library/Java/Extensions:/Network/Library/Java/Extensions:/System/Library/Java/Extensions:/usr/lib/java"/>
    <property name="sun.io.unicode.encoding" value="UnicodeBig"/>
    <property name="java.class.version" value="52.0"/>
    <property name="socksNonProxyHosts" value="local|*.local|169.254/16|*.169.254/16"/>
  </properties>
  <testcase name="shouldAnswerWithTrue" classname="movie.AppTest" time="0.002"/>
</testsuite>